<?xml version="1.0" encoding="UTF-8"?>
<!-- Generated by org.testng.reporters.JUnitXMLReporter -->
<testsuite ignored="7" hostname="COG-WIN-MAC03" failures="11" tests="69" name="Test" time="13719.998" errors="0" timestamp="2023-08-18T03:37:29 IST">
  <testcase classname="utils.WebTestBase" name="@BeforeClass setUp" time="93.332">
    <failure type="org.openqa.selenium.WebDriverException" message="unknown error: DevToolsActivePort file doesn&amp;apos;t exist
Build info: version: &amp;apos;3.141.59&amp;apos;, revision: &amp;apos;e82be7d358&amp;apos;, time: &amp;apos;2018-11-14T08:17:03&amp;apos;
System info: host: &amp;apos;COG-WIN-MAC03&amp;apos;, ip: &amp;apos;192.168.0.159&amp;apos;, os.name: &amp;apos;Windows 10&amp;apos;, os.arch: &amp;apos;amd64&amp;apos;, os.version: &amp;apos;10.0&amp;apos;, java.version: &amp;apos;17.0.2&amp;apos;
Driver info: driver.version: ChromeDriver
remote stacktrace: Backtrace:
	GetHandleVerifier [0x00FBA813+48355]
	(No symbol) [0x00F4C4B1]
	(No symbol) [0x00E55358]
	(No symbol) [0x00E75714]
	(No symbol) [0x00E71DA1]
	(No symbol) [0x00E70579]
	(No symbol) [0x00EA0C55]
	(No symbol) [0x00EA093C]
	(No symbol) [0x00E9A536]
	(No symbol) [0x00E782DC]
	(No symbol) [0x00E793DD]
	GetHandleVerifier [0x0121AABD+2539405]
	GetHandleVerifier [0x0125A78F+2800735]
	GetHandleVerifier [0x0125456C+2775612]
	GetHandleVerifier [0x010451E0+616112]
	(No symbol) [0x00F55F8C]
	(No symbol) [0x00F52328]
	(No symbol) [0x00F5240B]
	(No symbol) [0x00F44FF7]
	BaseThreadInitThunk [0x75B500C9+25]
	RtlGetAppContainerNamedObjectPath [0x77387B4E+286]
	RtlGetAppContainerNamedObjectPath [0x77387B1E+238]
">
      <![CDATA[org.openqa.selenium.WebDriverException: unknown error: DevToolsActivePort file doesn't exist
Build info: version: '3.141.59', revision: 'e82be7d358', time: '2018-11-14T08:17:03'
System info: host: 'COG-WIN-MAC03', ip: '192.168.0.159', os.name: 'Windows 10', os.arch: 'amd64', os.version: '10.0', java.version: '17.0.2'
Driver info: driver.version: ChromeDriver
remote stacktrace: Backtrace:
GetHandleVerifier [0x00FBA813+48355]
(No symbol) [0x00F4C4B1]
(No symbol) [0x00E55358]
(No symbol) [0x00E75714]
(No symbol) [0x00E71DA1]
(No symbol) [0x00E70579]
(No symbol) [0x00EA0C55]
(No symbol) [0x00EA093C]
(No symbol) [0x00E9A536]
(No symbol) [0x00E782DC]
(No symbol) [0x00E793DD]
GetHandleVerifier [0x0121AABD+2539405]
GetHandleVerifier [0x0125A78F+2800735]
GetHandleVerifier [0x0125456C+2775612]
GetHandleVerifier [0x010451E0+616112]
(No symbol) [0x00F55F8C]
(No symbol) [0x00F52328]
(No symbol) [0x00F5240B]
(No symbol) [0x00F44FF7]
BaseThreadInitThunk [0x75B500C9+25]
RtlGetAppContainerNamedObjectPath [0x77387B4E+286]
RtlGetAppContainerNamedObjectPath [0x77387B1E+238]

at org.openqa.selenium.remote.W3CHandshakeResponse.lambda$errorHandler$0(W3CHandshakeResponse.java:62)
at org.openqa.selenium.remote.HandshakeResponse.lambda$getResponseFunction$0(HandshakeResponse.java:30)
at org.openqa.selenium.remote.ProtocolHandshake.lambda$createSession$0(ProtocolHandshake.java:126)
at java.base/java.util.stream.ReferencePipeline$3$1.accept(ReferencePipeline.java:197)
at java.base/java.util.Spliterators$ArraySpliterator.tryAdvance(Spliterators.java:1002)
at java.base/java.util.stream.ReferencePipeline.forEachWithCancel(ReferencePipeline.java:129)
at java.base/java.util.stream.AbstractPipeline.copyIntoWithCancel(AbstractPipeline.java:527)
at java.base/java.util.stream.AbstractPipeline.copyInto(AbstractPipeline.java:513)
at java.base/java.util.stream.AbstractPipeline.wrapAndCopyInto(AbstractPipeline.java:499)
at java.base/java.util.stream.FindOps$FindOp.evaluateSequential(FindOps.java:150)
at java.base/java.util.stream.AbstractPipeline.evaluate(AbstractPipeline.java:234)
at java.base/java.util.stream.ReferencePipeline.findFirst(ReferencePipeline.java:647)
at org.openqa.selenium.remote.ProtocolHandshake.createSession(ProtocolHandshake.java:128)
at org.openqa.selenium.remote.ProtocolHandshake.createSession(ProtocolHandshake.java:74)
at org.openqa.selenium.remote.HttpCommandExecutor.execute(HttpCommandExecutor.java:136)
at org.openqa.selenium.remote.service.DriverCommandExecutor.execute(DriverCommandExecutor.java:83)
at org.openqa.selenium.remote.RemoteWebDriver.execute(RemoteWebDriver.java:552)
at org.openqa.selenium.remote.RemoteWebDriver.startSession(RemoteWebDriver.java:213)
at org.openqa.selenium.remote.RemoteWebDriver.<init>(RemoteWebDriver.java:131)
at org.openqa.selenium.chrome.ChromeDriver.<init>(ChromeDriver.java:181)
at org.openqa.selenium.chrome.ChromeDriver.<init>(ChromeDriver.java:168)
at org.openqa.selenium.chrome.ChromeDriver.<init>(ChromeDriver.java:157)
at utils.Drivers.getWebDriver(Drivers.java:59)
at utils.WebTestBase.setUp(WebTestBase.java:51)
at java.base/java.util.ArrayList.forEach(ArrayList.java:1511)
... Removed 30 stack frames]]>
    </failure>
  </testcase> <!-- @BeforeClass setUp -->
  <testcase classname="utils.WebTestBase" name="@BeforeMethod beforeMethod" time="-1.692296978907E9">
    <skipped/>
  </testcase> <!-- @BeforeMethod beforeMethod -->
  <testcase classname="utils.WebTestBase" name="@AfterMethod reportWrapUp" time="0.423">
    <failure type="java.lang.NullPointerException" message="Cannot invoke &amp;quot;org.openqa.selenium.TakesScreenshot.getScreenshotAs(org.openqa.selenium.OutputType)&amp;quot; because &amp;quot;this.driver&amp;quot; is null">
      <![CDATA[java.lang.NullPointerException: Cannot invoke "org.openqa.selenium.TakesScreenshot.getScreenshotAs(org.openqa.selenium.OutputType)" because "this.driver" is null
at utils.WebTestBase.reportWrapUp(WebTestBase.java:70)
at java.base/java.util.ArrayList.forEach(ArrayList.java:1511)
... Removed 32 stack frames]]>
    </failure>
  </testcase> <!-- @AfterMethod reportWrapUp -->
  <testcase classname="utils.WebTestBase" name="@BeforeMethod beforeMethod" time="-1.692296979474E9">
    <skipped/>
  </testcase> <!-- @BeforeMethod beforeMethod -->
  <testcase classname="utils.WebTestBase" name="@AfterMethod reportWrapUp" time="0.001">
    <failure type="java.lang.NullPointerException" message="Cannot invoke &amp;quot;org.openqa.selenium.TakesScreenshot.getScreenshotAs(org.openqa.selenium.OutputType)&amp;quot; because &amp;quot;this.driver&amp;quot; is null">
      <![CDATA[java.lang.NullPointerException: Cannot invoke "org.openqa.selenium.TakesScreenshot.getScreenshotAs(org.openqa.selenium.OutputType)" because "this.driver" is null
at utils.WebTestBase.reportWrapUp(WebTestBase.java:70)
at java.base/java.util.ArrayList.forEach(ArrayList.java:1511)
... Removed 32 stack frames]]>
    </failure>
  </testcase> <!-- @AfterMethod reportWrapUp -->
  <testcase classname="utils.WebTestBase" name="@BeforeMethod beforeMethod" time="-1.692296979492E9">
    <skipped/>
  </testcase> <!-- @BeforeMethod beforeMethod -->
  <testcase classname="utils.WebTestBase" name="@AfterMethod reportWrapUp" time="0.001">
    <failure type="java.lang.NullPointerException" message="Cannot invoke &amp;quot;org.openqa.selenium.TakesScreenshot.getScreenshotAs(org.openqa.selenium.OutputType)&amp;quot; because &amp;quot;this.driver&amp;quot; is null">
      <![CDATA[java.lang.NullPointerException: Cannot invoke "org.openqa.selenium.TakesScreenshot.getScreenshotAs(org.openqa.selenium.OutputType)" because "this.driver" is null
at utils.WebTestBase.reportWrapUp(WebTestBase.java:70)
at java.base/java.util.ArrayList.forEach(ArrayList.java:1511)
... Removed 32 stack frames]]>
    </failure>
  </testcase> <!-- @AfterMethod reportWrapUp -->
  <testcase classname="utils.WebTestBase" name="@BeforeMethod beforeMethod" time="-1.69229697951E9">
    <skipped/>
  </testcase> <!-- @BeforeMethod beforeMethod -->
  <testcase classname="utils.WebTestBase" name="@AfterMethod reportWrapUp" time="0.001">
    <failure type="java.lang.NullPointerException" message="Cannot invoke &amp;quot;org.openqa.selenium.TakesScreenshot.getScreenshotAs(org.openqa.selenium.OutputType)&amp;quot; because &amp;quot;this.driver&amp;quot; is null">
      <![CDATA[java.lang.NullPointerException: Cannot invoke "org.openqa.selenium.TakesScreenshot.getScreenshotAs(org.openqa.selenium.OutputType)" because "this.driver" is null
at utils.WebTestBase.reportWrapUp(WebTestBase.java:70)
at java.base/java.util.ArrayList.forEach(ArrayList.java:1511)
... Removed 32 stack frames]]>
    </failure>
  </testcase> <!-- @AfterMethod reportWrapUp -->
  <testcase classname="utils.WebTestBase" name="@BeforeMethod beforeMethod" time="-1.692296979529E9">
    <skipped/>
  </testcase> <!-- @BeforeMethod beforeMethod -->
  <testcase classname="utils.WebTestBase" name="@AfterMethod reportWrapUp" time="0.001">
    <failure type="java.lang.NullPointerException" message="Cannot invoke &amp;quot;org.openqa.selenium.TakesScreenshot.getScreenshotAs(org.openqa.selenium.OutputType)&amp;quot; because &amp;quot;this.driver&amp;quot; is null">
      <![CDATA[java.lang.NullPointerException: Cannot invoke "org.openqa.selenium.TakesScreenshot.getScreenshotAs(org.openqa.selenium.OutputType)" because "this.driver" is null
at utils.WebTestBase.reportWrapUp(WebTestBase.java:70)
at java.base/java.util.ArrayList.forEach(ArrayList.java:1511)
... Removed 32 stack frames]]>
    </failure>
  </testcase> <!-- @AfterMethod reportWrapUp -->
  <testcase classname="utils.WebTestBase" name="@AfterClass closeBrowser" time="0.0">
    <failure type="java.lang.NullPointerException" message="Cannot invoke &amp;quot;org.openqa.selenium.WebDriver.quit()&amp;quot; because &amp;quot;this.driver&amp;quot; is null">
      <![CDATA[java.lang.NullPointerException: Cannot invoke "org.openqa.selenium.WebDriver.quit()" because "this.driver" is null
at utils.WebTestBase.closeBrowser(WebTestBase.java:86)
at java.base/java.util.ArrayList.forEach(ArrayList.java:1511)
... Removed 25 stack frames]]>
    </failure>
  </testcase> <!-- @AfterClass closeBrowser -->
  <testcase classname="testCases.AuditRuleTest" name="validationCheck" time="50.308"/>
  <testcase classname="testCases.AuditRuleTest" name="addNewAuditRuleWithEqualTimeTrackingHour" time="222.132"/>
  <testcase classname="testCases.AuditRuleTest" name="validationCheckOfAuditRuleName" time="70.024"/>
  <testcase classname="testCases.AuditRuleTest" name="validationCheckOfAuditUpdate" time="93.284"/>
  <testcase classname="testCases.AuditRuleTest" name="validationCheckOfAuditRemove" time="82.694"/>
  <testcase classname="testCases.BulkTimeEntryTest" name="validationCheckOfBulkTimeEntry" time="0.0">
    <skipped/>
  </testcase> <!-- validationCheckOfBulkTimeEntry -->
  <testcase classname="testCases.BulkTimeEntryTest" name="addBulkTimeEntry" time="0.0">
    <skipped/>
  </testcase> <!-- addBulkTimeEntry -->
  <testcase classname="testCases.BulkTimeEntryTest" name="validationCheckOfAddMultipleBulkTimeEntryButtton" time="0.0">
    <skipped/>
  </testcase> <!-- validationCheckOfAddMultipleBulkTimeEntryButtton -->
  <testcase classname="testCases.BulkTimeEntryTest" name="CheckFunctionalityOfDeleteBulkTimeEntryButtton" time="0.0">
    <skipped/>
  </testcase> <!-- CheckFunctionalityOfDeleteBulkTimeEntryButtton -->
  <testcase classname="testCases.BulkTimeEntryTest" name="CheckFunctionalityOfResetBulkTimeEntryButtton" time="0.0">
    <skipped/>
  </testcase> <!-- CheckFunctionalityOfResetBulkTimeEntryButtton -->
  <testcase classname="testCases.TimeApprovalTest" name="ValidationCheck" time="39.186"/>
  <testcase classname="testCases.TimeApprovalTest" name="ValidateTimeSheetRejectionFunctionality" time="424.733">
    <failure type="java.lang.AssertionError" message="Add Hours  -  element not present">
      <![CDATA[java.lang.AssertionError: Add Hours  -  element not present
at utils.WebBasePage.click(WebBasePage.java:128)
at pageObjects.TimeSheetPage.clickOnAddHours(TimeSheetPage.java:96)
at Action.TimeSheetAction.clickOnSendForApproval(TimeSheetAction.java:78)
at testCases.TimeApprovalTest.ValidateTimeSheetRejectionFunctionality(TimeApprovalTest.java:52)
at java.base/java.util.ArrayList.forEach(ArrayList.java:1511)
... Removed 28 stack frames]]>
    </failure>
  </testcase> <!-- ValidateTimeSheetRejectionFunctionality -->
  <testcase classname="testCases.TimeApprovalTest" name="ValidateTimeSheetApproveFunctionality" time="128.955">
    <failure type="java.lang.AssertionError" message="Add Hours  -  element not present">
      <![CDATA[java.lang.AssertionError: Add Hours  -  element not present
at utils.WebBasePage.click(WebBasePage.java:128)
at pageObjects.TimeSheetPage.clickOnAddHours(TimeSheetPage.java:96)
at Action.TimeSheetAction.clickOnSendForApproval(TimeSheetAction.java:78)
at testCases.TimeApprovalTest.ValidateTimeSheetApproveFunctionality(TimeApprovalTest.java:97)
at java.base/java.util.ArrayList.forEach(ArrayList.java:1511)
... Removed 28 stack frames]]>
    </failure>
  </testcase> <!-- ValidateTimeSheetApproveFunctionality -->
  <testcase classname="testCases.TimeReportTest" name="ValidationCheck" time="58.021"/>
  <testcase classname="testCases.TimeReportTest" name="ValidationOneMonthProjectReportWithUserName" time="117.816"/>
  <testcase classname="testCases.TimeReportTest" name="ValidationOneMonthProjectReportWithDepartmentName" time="146.086"/>
  <testcase classname="testCases.TimeReportTest" name="ValidationOneMonthProjectReportWithProjectName" time="413.407"/>
  <testcase classname="testCases.TimeReportTest" name="ValidationOfOneWeekProjectReportWithUserName" time="197.057"/>
  <testcase classname="testCases.TimeReportTest" name="ValidationOfOneWeekProjectReportWithDepartmentName" time="215.765"/>
  <testcase classname="testCases.TimeReportTest" name="ValidationOfOneWeekProjectReportWithProjectName" time="220.304"/>
  <testcase classname="testCases.TimeReportTest" name="ValidationOfClientReportWithUserName" time="138.316">
    <failure type="java.lang.AssertionError" message="Close user Dropdown -  element not clickable">
      <![CDATA[java.lang.AssertionError: Close user Dropdown -  element not clickable
at utils.WebBasePage.click(WebBasePage.java:121)
at pageObjects.TimeReportPage.clickOnUser(TimeReportPage.java:86)
at Action.TimeReportAction.checkClientReportwithUserName(TimeReportAction.java:74)
at testCases.TimeReportTest.ValidationOfClientReportWithUserName(TimeReportTest.java:112)
at java.base/java.util.ArrayList.forEach(ArrayList.java:1511)
... Removed 28 stack frames]]>
    </failure>
  </testcase> <!-- ValidationOfClientReportWithUserName -->
  <testcase classname="testCases.TimeReportTest" name="ValidationOfClientReportWithProjectName" time="133.565"/>
  <testcase classname="testCases.TimeReportTest" name="ValidationOfClientReportWithDepartmentName" time="219.758"/>
  <testcase classname="testCases.TimeReportTest" name="ValidationOfentryWiseReportwithUsername" time="235.857">
    <failure type="java.lang.AssertionError" message="Close user Dropdown -  element not clickable">
      <![CDATA[java.lang.AssertionError: Close user Dropdown -  element not clickable
at utils.WebBasePage.click(WebBasePage.java:121)
at pageObjects.TimeReportPage.clickOnUser(TimeReportPage.java:86)
at Action.TimeReportAction.checkEntrywiseReportWithUsername(TimeReportAction.java:102)
at testCases.TimeReportTest.ValidationOfentryWiseReportwithUsername(TimeReportTest.java:153)
at java.base/java.util.ArrayList.forEach(ArrayList.java:1511)
... Removed 28 stack frames]]>
    </failure>
  </testcase> <!-- ValidationOfentryWiseReportwithUsername -->
  <testcase classname="testCases.TimeReportTest" name="ValidationOfentryWiseReportwithProjectName" time="169.543"/>
  <testcase classname="testCases.TimeReportTest" name="ValidationOfentryWiseReportwithDepartmentName" time="184.554"/>
  <testcase classname="testCases.TimeReportTest" name="ValidationOfHalfYearlyProjectReportwithUserName" time="316.255"/>
  <testcase classname="testCases.TimeReportTest" name="ValidationOfHalfYearlyProjectReportwithDepartmentName" time="230.965"/>
  <testcase classname="testCases.TimeReportTest" name="ValidationOfHalfYearlyProjectReportwithProjectName" time="269.391"/>
  <testcase classname="testCases.TimeReportTest" name="ValidationOfprofitabilityProjectReportwithProjectName" time="156.771"/>
  <testcase classname="testCases.TimeReportTest" name="ValidationOfprofitabilityProjectReportwithchannelName" time="263.109"/>
  <testcase classname="testCases.TimeReportTest" name="ValidationOfProjectDetailsReportWithUsername" time="219.582"/>
  <testcase classname="testCases.TimeReportTest" name="ValidationOfProjectDetailsReportWithProjectname" time="270.28"/>
  <testcase classname="testCases.TimeReportTest" name="ValidationOfProjectDetailsReportWithDepartmentname" time="301.075"/>
  <testcase classname="testCases.TimeReportTest" name="ValidationOfProjectReportWithUsername" time="197.423"/>
  <testcase classname="testCases.TimeReportTest" name="ValidationOfProjectReportWithPriojectname" time="240.484"/>
  <testcase classname="testCases.TimeReportTest" name="ValidationOfProjectReportWithDepartnamename" time="238.862"/>
  <testcase classname="testCases.TimeReportTest" name="ValidationOfProjectwiseReportWithTeamMemeber" time="215.456"/>
  <testcase classname="testCases.TimeReportTest" name="ValidationOfProjectwiseReportWithProjectName" time="198.349"/>
  <testcase classname="testCases.TimeReportTest" name="ValidationOfTrackEnrtyDetailsReportWithUserName" time="209.745">
    <failure type="java.lang.AssertionError" message="Close user Dropdown -  element not clickable">
      <![CDATA[java.lang.AssertionError: Close user Dropdown -  element not clickable
at utils.WebBasePage.click(WebBasePage.java:121)
at pageObjects.TimeReportPage.clickOnUser(TimeReportPage.java:86)
at Action.TimeReportAction.checkTrackEntryDetailsReportWithUsername(TimeReportAction.java:237)
at testCases.TimeReportTest.ValidationOfTrackEnrtyDetailsReportWithUserName(TimeReportTest.java:397)
at java.base/java.util.ArrayList.forEach(ArrayList.java:1511)
... Removed 28 stack frames]]>
    </failure>
  </testcase> <!-- ValidationOfTrackEnrtyDetailsReportWithUserName -->
  <testcase classname="testCases.TimeReportTest" name="ValidationOfTrackEnrtyDetailsReportWithProjectName" time="180.388"/>
  <testcase classname="testCases.TimeReportTest" name="ValidationOfTrackEnrtyDetailsReportWithDepartmentname" time="205.877"/>
  <testcase classname="testCases.TimeReportTest" name="ValidationOfTimeSheetReportWithUsername" time="244.551"/>
  <testcase classname="testCases.TimeReportTest" name="ValidationOfTimeSheetReportWithProjectname" time="209.772"/>
  <testcase classname="testCases.TimeReportTest" name="ValidationOfUserReportWithusername" time="187.059"/>
  <testcase classname="testCases.TimeReportTest" name="ValidationOfUserReportWithProjectname" time="249.943"/>
  <testcase classname="testCases.TimeReportTest" name="ValidationOfUserReportWithDepartmentname" time="211.561"/>
  <testcase classname="testCases.TimeReportTest" name="ValidationOfUserWiseReportWithUserName" time="151.85"/>
  <testcase classname="testCases.TimeReportTest" name="ValidationOfUserWiseReportWithProjectName" time="159.521"/>
  <testcase classname="testCases.TimeReportTest" name="ValidationOfUserWiseReportWithDepartmentName" time="169.773"/>
  <testcase classname="testCases.TimeSheetTest" name="ValidationCheck" time="36.502"/>
  <testcase classname="testCases.TimeSheetTest" name="validatefunctionalityOfTimeSheet" time="569.164">
    <failure type="java.lang.AssertionError" message="Add Hours  -  element not present">
      <![CDATA[java.lang.AssertionError: Add Hours  -  element not present
at utils.WebBasePage.click(WebBasePage.java:128)
at pageObjects.TimeSheetPage.clickOnAddHours(TimeSheetPage.java:96)
at Action.TimeSheetAction.checkFunctionalityOfTimesheetForTimeSheet(TimeSheetAction.java:58)
at testCases.TimeSheetTest.validatefunctionalityOfTimeSheet(TimeSheetTest.java:50)
at java.base/java.util.ArrayList.forEach(ArrayList.java:1511)
... Removed 28 stack frames]]>
    </failure>
  </testcase> <!-- validatefunctionalityOfTimeSheet -->
  <testcase classname="testCases.TimeSheetTest" name="validateSendForApproval" time="420.944">
    <failure type="java.lang.AssertionError" message="Add Hours  -  element not present">
      <![CDATA[java.lang.AssertionError: Add Hours  -  element not present
at utils.WebBasePage.click(WebBasePage.java:128)
at pageObjects.TimeSheetPage.clickOnAddHours(TimeSheetPage.java:96)
at Action.TimeSheetAction.clickOnSendForApprovalforTimeSheet(TimeSheetAction.java:101)
at testCases.TimeSheetTest.validateSendForApproval(TimeSheetTest.java:78)
at java.base/java.util.ArrayList.forEach(ArrayList.java:1511)
... Removed 28 stack frames]]>
    </failure>
  </testcase> <!-- validateSendForApproval -->
  <testcase classname="testCases.TimeTrackForFlagTrackEntryTest" name="ValidationCheck" time="70.558"/>
  <testcase classname="testCases.TimeTrackForFlagTrackEntryTest" name="startTimeTrack" time="335.124"/>
  <testcase classname="testCases.TimeTrackForFlagTrackEntryTest" name="VerifyTimeTrackactivity" time="152.134"/>
  <testcase classname="testCases.TimeTrackForFlagTrackEntryTest" name="VerifyclanderViewFunctionality" time="178.154"/>
  <testcase classname="testCases.TimeTrackForFlagTrackEntryTest" name="validatetimeEntryThroughFilter" time="336.258"/>
  <testcase classname="testCases.TimeTrackForFlagTrackEntryTest" name="validateAddTimeEntryManually" time="121.67"/>
  <testcase classname="testCases.TimeTrackForFlagTrackEntryTest" name="updateAnddeleteTimeEntry" time="511.827"/>
  <testcase classname="testCases.TimeTrackTest" name="ValidationCheck" time="93.229"/>
  <testcase classname="testCases.TimeTrackTest" name="startTimeTrack" time="287.141">
    <failure type="java.lang.AssertionError" message="select Your tag name -  element not clickable">
      <![CDATA[java.lang.AssertionError: select Your tag name -  element not clickable
at utils.WebBasePage.click(WebBasePage.java:121)
at pageObjects.TimeTrackPage.clickOnSelectTagName(TimeTrackPage.java:168)
at Action.TimeTrackAction.startTimeTrack(TimeTrackAction.java:41)
at testCases.TimeTrackTest.startTimeTrack(TimeTrackTest.java:50)
at java.base/java.util.ArrayList.forEach(ArrayList.java:1511)
... Removed 28 stack frames]]>
    </failure>
  </testcase> <!-- startTimeTrack -->
  <testcase classname="testCases.TimeTrackTest" name="VerifyTimeTrackactivity" time="138.759">
    <failure type="org.openqa.selenium.NoSuchElementException" message="no such element: Unable to locate element: {&amp;quot;method&amp;quot;:&amp;quot;xpath&amp;quot;,&amp;quot;selector&amp;quot;:&amp;quot;//table[@id=&amp;apos;clsspauseresume&amp;apos;]/tbody/tr/td[@class=&amp;apos;inherit&amp;apos;]/a&amp;quot;}
  (Session info: chrome=115.0.5790.171)
For documentation on this error, please visit: https://www.seleniumhq.org/exceptions/no_such_element.html
Build info: version: &amp;apos;3.141.59&amp;apos;, revision: &amp;apos;e82be7d358&amp;apos;, time: &amp;apos;2018-11-14T08:17:03&amp;apos;
System info: host: &amp;apos;COG-WIN-MAC03&amp;apos;, ip: &amp;apos;192.168.0.159&amp;apos;, os.name: &amp;apos;Windows 10&amp;apos;, os.arch: &amp;apos;amd64&amp;apos;, os.version: &amp;apos;10.0&amp;apos;, java.version: &amp;apos;17.0.2&amp;apos;
Driver info: org.openqa.selenium.chrome.ChromeDriver
Capabilities {acceptInsecureCerts: false, browserName: chrome, browserVersion: 115.0.5790.171, chrome: {chromedriverVersion: 114.0.5735.90 (386bc09e8f4f..., userDataDir: C:\Users\aanand\AppData\Loc...}, goog:chromeOptions: {debuggerAddress: localhost:61092}, javascriptEnabled: true, networkConnectionEnabled: false, pageLoadStrategy: normal, platform: WINDOWS, platformName: WINDOWS, proxy: Proxy(), setWindowRect: true, strictFileInteractability: false, timeouts: {implicit: 0, pageLoad: 300000, script: 30000}, unhandledPromptBehavior: dismiss and notify, webauthn:extension:credBlob: true, webauthn:extension:largeBlob: true, webauthn:extension:minPinLength: true, webauthn:extension:prf: true, webauthn:virtualAuthenticators: true}
Session ID: 4d6607596180c0d3be3a7dd0b68d19ed
*** Element info: {Using=xpath, value=//table[@id=&amp;apos;clsspauseresume&amp;apos;]/tbody/tr/td[@class=&amp;apos;inherit&amp;apos;]/a}">
      <![CDATA[org.openqa.selenium.NoSuchElementException: no such element: Unable to locate element: {"method":"xpath","selector":"//table[@id='clsspauseresume']/tbody/tr/td[@class='inherit']/a"}
  (Session info: chrome=115.0.5790.171)
For documentation on this error, please visit: https://www.seleniumhq.org/exceptions/no_such_element.html
Build info: version: '3.141.59', revision: 'e82be7d358', time: '2018-11-14T08:17:03'
System info: host: 'COG-WIN-MAC03', ip: '192.168.0.159', os.name: 'Windows 10', os.arch: 'amd64', os.version: '10.0', java.version: '17.0.2'
Driver info: org.openqa.selenium.chrome.ChromeDriver
Capabilities {acceptInsecureCerts: false, browserName: chrome, browserVersion: 115.0.5790.171, chrome: {chromedriverVersion: 114.0.5735.90 (386bc09e8f4f..., userDataDir: C:\Users\aanand\AppData\Loc...}, goog:chromeOptions: {debuggerAddress: localhost:61092}, javascriptEnabled: true, networkConnectionEnabled: false, pageLoadStrategy: normal, platform: WINDOWS, platformName: WINDOWS, proxy: Proxy(), setWindowRect: true, strictFileInteractability: false, timeouts: {implicit: 0, pageLoad: 300000, script: 30000}, unhandledPromptBehavior: dismiss and notify, webauthn:extension:credBlob: true, webauthn:extension:largeBlob: true, webauthn:extension:minPinLength: true, webauthn:extension:prf: true, webauthn:virtualAuthenticators: true}
Session ID: 4d6607596180c0d3be3a7dd0b68d19ed
*** Element info: {Using=xpath, value=//table[@id='clsspauseresume']/tbody/tr/td[@class='inherit']/a}
at org.openqa.selenium.remote.http.W3CHttpResponseCodec.createException(W3CHttpResponseCodec.java:187)
at org.openqa.selenium.remote.http.W3CHttpResponseCodec.decode(W3CHttpResponseCodec.java:122)
at org.openqa.selenium.remote.http.W3CHttpResponseCodec.decode(W3CHttpResponseCodec.java:49)
at org.openqa.selenium.remote.HttpCommandExecutor.execute(HttpCommandExecutor.java:158)
at org.openqa.selenium.remote.service.DriverCommandExecutor.execute(DriverCommandExecutor.java:83)
at org.openqa.selenium.remote.RemoteWebDriver.execute(RemoteWebDriver.java:552)
at org.openqa.selenium.remote.RemoteWebDriver.findElement(RemoteWebDriver.java:323)
at org.openqa.selenium.remote.RemoteWebDriver.findElementByXPath(RemoteWebDriver.java:428)
at org.openqa.selenium.By$ByXPath.findElement(By.java:353)
at org.openqa.selenium.remote.RemoteWebDriver.findElement(RemoteWebDriver.java:315)
at pageObjects.TimeTrackPage.verifyTimeTrackdata(TimeTrackPage.java:211)
at Action.TimeTrackAction.verifyActivityInListingArea(TimeTrackAction.java:83)
at testCases.TimeTrackTest.VerifyTimeTrackactivity(TimeTrackTest.java:70)
at java.base/java.util.ArrayList.forEach(ArrayList.java:1511)
... Removed 31 stack frames]]>
    </failure>
  </testcase> <!-- VerifyTimeTrackactivity -->
  <testcase classname="testCases.TimeTrackTest" name="VerifyclanderViewFunctionality" time="197.066"/>
  <testcase classname="testCases.TimeTrackTest" name="validatetimeEntryThroughFilter" time="399.016"/>
  <testcase classname="testCases.TimeTrackTest" name="validateAddTimeEntryManually" time="413.311"/>
  <testcase classname="testCases.TimeTrackTest" name="updateAnddeleteTimeEntry" time="184.286">
    <failure type="java.lang.AssertionError" message="Check Box  -  element not clickable">
      <![CDATA[java.lang.AssertionError: Check Box  -  element not clickable
at utils.WebBasePage.click(WebBasePage.java:121)
at pageObjects.TimeTrackPage.clickOnActivityCheckBox(TimeTrackPage.java:237)
at pageObjects.TimeTrackPage.clickOnNonBillable(TimeTrackPage.java:246)
at Action.TimeTrackAction.updateRecordAndverifydeleteEntry(TimeTrackAction.java:92)
at testCases.TimeTrackTest.updateAnddeleteTimeEntry(TimeTrackTest.java:100)
at java.base/java.util.ArrayList.forEach(ArrayList.java:1511)
... Removed 28 stack frames]]>
    </failure>
  </testcase> <!-- updateAnddeleteTimeEntry -->
  <testcase classname="testCases.WorkDairyTest" name="validationCheckOfWorkDairy" time="42.409"/>
  <testcase classname="testCases.WorkDairyTest" name="validationOfScreenShot" time="51.12">
    <failure type="org.openqa.selenium.NoSuchElementException" message="no such element: Unable to locate element: {&amp;quot;method&amp;quot;:&amp;quot;xpath&amp;quot;,&amp;quot;selector&amp;quot;:&amp;quot;//div[@id=&amp;apos;divscreenslist&amp;apos;]//ul/li/div[@class=&amp;apos;card-box screenshot&amp;apos;]&amp;quot;}
  (Session info: chrome=115.0.5790.171)
For documentation on this error, please visit: https://www.seleniumhq.org/exceptions/no_such_element.html
Build info: version: &amp;apos;3.141.59&amp;apos;, revision: &amp;apos;e82be7d358&amp;apos;, time: &amp;apos;2018-11-14T08:17:03&amp;apos;
System info: host: &amp;apos;COG-WIN-MAC03&amp;apos;, ip: &amp;apos;192.168.0.159&amp;apos;, os.name: &amp;apos;Windows 10&amp;apos;, os.arch: &amp;apos;amd64&amp;apos;, os.version: &amp;apos;10.0&amp;apos;, java.version: &amp;apos;17.0.2&amp;apos;
Driver info: org.openqa.selenium.chrome.ChromeDriver
Capabilities {acceptInsecureCerts: false, browserName: chrome, browserVersion: 115.0.5790.171, chrome: {chromedriverVersion: 114.0.5735.90 (386bc09e8f4f..., userDataDir: C:\Users\aanand\AppData\Loc...}, goog:chromeOptions: {debuggerAddress: localhost:61392}, javascriptEnabled: true, networkConnectionEnabled: false, pageLoadStrategy: normal, platform: WINDOWS, platformName: WINDOWS, proxy: Proxy(), setWindowRect: true, strictFileInteractability: false, timeouts: {implicit: 0, pageLoad: 300000, script: 30000}, unhandledPromptBehavior: dismiss and notify, webauthn:extension:credBlob: true, webauthn:extension:largeBlob: true, webauthn:extension:minPinLength: true, webauthn:extension:prf: true, webauthn:virtualAuthenticators: true}
Session ID: ecb0d9d5d4b95d2c95a99d8b7260c859
*** Element info: {Using=xpath, value=//div[@id=&amp;apos;divscreenslist&amp;apos;]//ul/li/div[@class=&amp;apos;card-box screenshot&amp;apos;]}">
      <![CDATA[org.openqa.selenium.NoSuchElementException: no such element: Unable to locate element: {"method":"xpath","selector":"//div[@id='divscreenslist']//ul/li/div[@class='card-box screenshot']"}
  (Session info: chrome=115.0.5790.171)
For documentation on this error, please visit: https://www.seleniumhq.org/exceptions/no_such_element.html
Build info: version: '3.141.59', revision: 'e82be7d358', time: '2018-11-14T08:17:03'
System info: host: 'COG-WIN-MAC03', ip: '192.168.0.159', os.name: 'Windows 10', os.arch: 'amd64', os.version: '10.0', java.version: '17.0.2'
Driver info: org.openqa.selenium.chrome.ChromeDriver
Capabilities {acceptInsecureCerts: false, browserName: chrome, browserVersion: 115.0.5790.171, chrome: {chromedriverVersion: 114.0.5735.90 (386bc09e8f4f..., userDataDir: C:\Users\aanand\AppData\Loc...}, goog:chromeOptions: {debuggerAddress: localhost:61392}, javascriptEnabled: true, networkConnectionEnabled: false, pageLoadStrategy: normal, platform: WINDOWS, platformName: WINDOWS, proxy: Proxy(), setWindowRect: true, strictFileInteractability: false, timeouts: {implicit: 0, pageLoad: 300000, script: 30000}, unhandledPromptBehavior: dismiss and notify, webauthn:extension:credBlob: true, webauthn:extension:largeBlob: true, webauthn:extension:minPinLength: true, webauthn:extension:prf: true, webauthn:virtualAuthenticators: true}
Session ID: ecb0d9d5d4b95d2c95a99d8b7260c859
*** Element info: {Using=xpath, value=//div[@id='divscreenslist']//ul/li/div[@class='card-box screenshot']}
at org.openqa.selenium.remote.http.W3CHttpResponseCodec.createException(W3CHttpResponseCodec.java:187)
at org.openqa.selenium.remote.http.W3CHttpResponseCodec.decode(W3CHttpResponseCodec.java:122)
at org.openqa.selenium.remote.http.W3CHttpResponseCodec.decode(W3CHttpResponseCodec.java:49)
at org.openqa.selenium.remote.HttpCommandExecutor.execute(HttpCommandExecutor.java:158)
at org.openqa.selenium.remote.service.DriverCommandExecutor.execute(DriverCommandExecutor.java:83)
at org.openqa.selenium.remote.RemoteWebDriver.execute(RemoteWebDriver.java:552)
at org.openqa.selenium.remote.RemoteWebDriver.findElement(RemoteWebDriver.java:323)
at org.openqa.selenium.remote.RemoteWebDriver.findElementByXPath(RemoteWebDriver.java:428)
at org.openqa.selenium.By$ByXPath.findElement(By.java:353)
at org.openqa.selenium.remote.RemoteWebDriver.findElement(RemoteWebDriver.java:315)
at pageObjects.WorkDairyPage.validateScreenShot(WorkDairyPage.java:65)
at Action.WorkDairyAction.ValidateScreenShot(WorkDairyAction.java:33)
at testCases.WorkDairyTest.validationOfScreenShot(WorkDairyTest.java:38)
at java.base/java.util.ArrayList.forEach(ArrayList.java:1511)
... Removed 31 stack frames]]>
    </failure>
  </testcase> <!-- validationOfScreenShot -->
  <testcase classname="utils.WebTestBase" name="@AfterSuite close" time="0.0">
    <ignored/>
  </testcase> <!-- @AfterSuite close -->
  <testcase classname="utils.WebTestBase" name="@AfterSuite close" time="0.0">
    <ignored/>
  </testcase> <!-- @AfterSuite close -->
  <testcase classname="utils.WebTestBase" name="@AfterSuite close" time="0.0">
    <ignored/>
  </testcase> <!-- @AfterSuite close -->
  <testcase classname="utils.WebTestBase" name="@AfterSuite close" time="0.0">
    <ignored/>
  </testcase> <!-- @AfterSuite close -->
  <testcase classname="utils.WebTestBase" name="@AfterSuite close" time="0.0">
    <ignored/>
  </testcase> <!-- @AfterSuite close -->
  <testcase classname="utils.WebTestBase" name="@AfterSuite close" time="0.0">
    <ignored/>
  </testcase> <!-- @AfterSuite close -->
  <testcase classname="utils.WebTestBase" name="@AfterSuite close" time="0.0">
    <ignored/>
  </testcase> <!-- @AfterSuite close -->
</testsuite> <!-- Test -->
