<?xml version="1.0" encoding="UTF-8"?>
<!-- Generated by org.testng.reporters.JUnitReportReporter -->
<testsuite hostname="COG-WIN-MAC03" failures="3" tests="37" name="testCases.TimeReportTest" time="7754.682" errors="0" timestamp="2023-08-18T03:37:32 IST" skipped="0">
  <testcase classname="testCases.TimeReportTest" name="ValidationCheck" time="58.025"/>
  <system-out/>
  <testcase classname="testCases.TimeReportTest" name="ValidationOneMonthProjectReportWithUserName" time="117.819"/>
  <system-out/>
  <testcase classname="testCases.TimeReportTest" name="ValidationOneMonthProjectReportWithDepartmentName" time="146.440"/>
  <system-out/>
  <testcase classname="testCases.TimeReportTest" name="ValidationOneMonthProjectReportWithProjectName" time="413.408"/>
  <system-out/>
  <testcase classname="testCases.TimeReportTest" name="ValidationOfOneWeekProjectReportWithUserName" time="197.067"/>
  <system-out/>
  <testcase classname="testCases.TimeReportTest" name="ValidationOfOneWeekProjectReportWithDepartmentName" time="215.766"/>
  <system-out/>
  <testcase classname="testCases.TimeReportTest" name="ValidationOfOneWeekProjectReportWithProjectName" time="220.307"/>
  <system-out/>
  <testcase classname="testCases.TimeReportTest" name="ValidationOfClientReportWithUserName" time="138.322">
    <failure message="Close user Dropdown -  element not clickable" type="java.lang.AssertionError">
      <![CDATA[java.lang.AssertionError: Close user Dropdown -  element not clickable
at org.testng.Assert.fail(Assert.java:99)
at utils.WebBasePage.click(WebBasePage.java:121)
at pageObjects.TimeReportPage.clickOnUser(TimeReportPage.java:86)
at Action.TimeReportAction.checkClientReportwithUserName(TimeReportAction.java:74)
at testCases.TimeReportTest.ValidationOfClientReportWithUserName(TimeReportTest.java:112)
at java.base/jdk.internal.reflect.NativeMethodAccessorImpl.invoke0(Native Method)
at java.base/jdk.internal.reflect.NativeMethodAccessorImpl.invoke(NativeMethodAccessorImpl.java:77)
at java.base/jdk.internal.reflect.DelegatingMethodAccessorImpl.invoke(DelegatingMethodAccessorImpl.java:43)
at java.base/java.lang.reflect.Method.invoke(Method.java:568)
at org.testng.internal.MethodInvocationHelper.invokeMethod(MethodInvocationHelper.java:133)
at org.testng.internal.TestInvoker.invokeMethod(TestInvoker.java:598)
at org.testng.internal.TestInvoker.invokeTestMethod(TestInvoker.java:173)
at org.testng.internal.MethodRunner.runInSequence(MethodRunner.java:46)
at org.testng.internal.TestInvoker$MethodInvocationAgent.invoke(TestInvoker.java:824)
at org.testng.internal.TestInvoker.invokeTestMethods(TestInvoker.java:146)
at org.testng.internal.TestMethodWorker.invokeTestMethods(TestMethodWorker.java:146)
at org.testng.internal.TestMethodWorker.run(TestMethodWorker.java:128)
at java.base/java.util.ArrayList.forEach(ArrayList.java:1511)
at org.testng.TestRunner.privateRun(TestRunner.java:794)
at org.testng.TestRunner.run(TestRunner.java:596)
at org.testng.SuiteRunner.runTest(SuiteRunner.java:377)
at org.testng.SuiteRunner.runSequentially(SuiteRunner.java:371)
at org.testng.SuiteRunner.privateRun(SuiteRunner.java:332)
at org.testng.SuiteRunner.run(SuiteRunner.java:276)
at org.testng.SuiteRunnerWorker.runSuite(SuiteRunnerWorker.java:53)
at org.testng.SuiteRunnerWorker.run(SuiteRunnerWorker.java:96)
at org.testng.TestNG.runSuitesSequentially(TestNG.java:1212)
at org.testng.TestNG.runSuitesLocally(TestNG.java:1134)
at org.testng.TestNG.runSuites(TestNG.java:1063)
at org.testng.TestNG.run(TestNG.java:1031)
at org.testng.remote.AbstractRemoteTestNG.run(AbstractRemoteTestNG.java:115)
at org.testng.remote.RemoteTestNG.initAndRun(RemoteTestNG.java:251)
at org.testng.remote.RemoteTestNG.main(RemoteTestNG.java:77)
]]>
    </failure>
  </testcase> <!-- ValidationOfClientReportWithUserName -->
  <system-out/>
  <testcase classname="testCases.TimeReportTest" name="ValidationOfClientReportWithProjectName" time="133.569"/>
  <system-out/>
  <testcase classname="testCases.TimeReportTest" name="ValidationOfClientReportWithDepartmentName" time="220.601"/>
  <system-out/>
  <testcase classname="testCases.TimeReportTest" name="ValidationOfentryWiseReportwithUsername" time="235.860">
    <failure message="Close user Dropdown -  element not clickable" type="java.lang.AssertionError">
      <![CDATA[java.lang.AssertionError: Close user Dropdown -  element not clickable
at org.testng.Assert.fail(Assert.java:99)
at utils.WebBasePage.click(WebBasePage.java:121)
at pageObjects.TimeReportPage.clickOnUser(TimeReportPage.java:86)
at Action.TimeReportAction.checkEntrywiseReportWithUsername(TimeReportAction.java:102)
at testCases.TimeReportTest.ValidationOfentryWiseReportwithUsername(TimeReportTest.java:153)
at java.base/jdk.internal.reflect.NativeMethodAccessorImpl.invoke0(Native Method)
at java.base/jdk.internal.reflect.NativeMethodAccessorImpl.invoke(NativeMethodAccessorImpl.java:77)
at java.base/jdk.internal.reflect.DelegatingMethodAccessorImpl.invoke(DelegatingMethodAccessorImpl.java:43)
at java.base/java.lang.reflect.Method.invoke(Method.java:568)
at org.testng.internal.MethodInvocationHelper.invokeMethod(MethodInvocationHelper.java:133)
at org.testng.internal.TestInvoker.invokeMethod(TestInvoker.java:598)
at org.testng.internal.TestInvoker.invokeTestMethod(TestInvoker.java:173)
at org.testng.internal.MethodRunner.runInSequence(MethodRunner.java:46)
at org.testng.internal.TestInvoker$MethodInvocationAgent.invoke(TestInvoker.java:824)
at org.testng.internal.TestInvoker.invokeTestMethods(TestInvoker.java:146)
at org.testng.internal.TestMethodWorker.invokeTestMethods(TestMethodWorker.java:146)
at org.testng.internal.TestMethodWorker.run(TestMethodWorker.java:128)
at java.base/java.util.ArrayList.forEach(ArrayList.java:1511)
at org.testng.TestRunner.privateRun(TestRunner.java:794)
at org.testng.TestRunner.run(TestRunner.java:596)
at org.testng.SuiteRunner.runTest(SuiteRunner.java:377)
at org.testng.SuiteRunner.runSequentially(SuiteRunner.java:371)
at org.testng.SuiteRunner.privateRun(SuiteRunner.java:332)
at org.testng.SuiteRunner.run(SuiteRunner.java:276)
at org.testng.SuiteRunnerWorker.runSuite(SuiteRunnerWorker.java:53)
at org.testng.SuiteRunnerWorker.run(SuiteRunnerWorker.java:96)
at org.testng.TestNG.runSuitesSequentially(TestNG.java:1212)
at org.testng.TestNG.runSuitesLocally(TestNG.java:1134)
at org.testng.TestNG.runSuites(TestNG.java:1063)
at org.testng.TestNG.run(TestNG.java:1031)
at org.testng.remote.AbstractRemoteTestNG.run(AbstractRemoteTestNG.java:115)
at org.testng.remote.RemoteTestNG.initAndRun(RemoteTestNG.java:251)
at org.testng.remote.RemoteTestNG.main(RemoteTestNG.java:77)
]]>
    </failure>
  </testcase> <!-- ValidationOfentryWiseReportwithUsername -->
  <system-out/>
  <testcase classname="testCases.TimeReportTest" name="ValidationOfentryWiseReportwithProjectName" time="169.546"/>
  <system-out/>
  <testcase classname="testCases.TimeReportTest" name="ValidationOfentryWiseReportwithDepartmentName" time="184.559"/>
  <system-out/>
  <testcase classname="testCases.TimeReportTest" name="ValidationOfHalfYearlyProjectReportwithUserName" time="316.259"/>
  <system-out/>
  <testcase classname="testCases.TimeReportTest" name="ValidationOfHalfYearlyProjectReportwithDepartmentName" time="230.967"/>
  <system-out/>
  <testcase classname="testCases.TimeReportTest" name="ValidationOfHalfYearlyProjectReportwithProjectName" time="269.393"/>
  <system-out/>
  <testcase classname="testCases.TimeReportTest" name="ValidationOfprofitabilityProjectReportwithProjectName" time="156.773"/>
  <system-out/>
  <testcase classname="testCases.TimeReportTest" name="ValidationOfprofitabilityProjectReportwithchannelName" time="263.112"/>
  <system-out/>
  <testcase classname="testCases.TimeReportTest" name="ValidationOfProjectDetailsReportWithUsername" time="219.585"/>
  <system-out/>
  <testcase classname="testCases.TimeReportTest" name="ValidationOfProjectDetailsReportWithProjectname" time="270.282"/>
  <system-out/>
  <testcase classname="testCases.TimeReportTest" name="ValidationOfProjectDetailsReportWithDepartmentname" time="301.077"/>
  <system-out/>
  <testcase classname="testCases.TimeReportTest" name="ValidationOfProjectReportWithUsername" time="197.432"/>
  <system-out/>
  <testcase classname="testCases.TimeReportTest" name="ValidationOfProjectReportWithPriojectname" time="240.486"/>
  <system-out/>
  <testcase classname="testCases.TimeReportTest" name="ValidationOfProjectReportWithDepartnamename" time="238.867"/>
  <system-out/>
  <testcase classname="testCases.TimeReportTest" name="ValidationOfProjectwiseReportWithTeamMemeber" time="220.742"/>
  <system-out/>
  <testcase classname="testCases.TimeReportTest" name="ValidationOfProjectwiseReportWithProjectName" time="198.351"/>
  <system-out/>
  <testcase classname="testCases.TimeReportTest" name="ValidationOfTrackEnrtyDetailsReportWithUserName" time="209.746">
    <failure message="Close user Dropdown -  element not clickable" type="java.lang.AssertionError">
      <![CDATA[java.lang.AssertionError: Close user Dropdown -  element not clickable
at org.testng.Assert.fail(Assert.java:99)
at utils.WebBasePage.click(WebBasePage.java:121)
at pageObjects.TimeReportPage.clickOnUser(TimeReportPage.java:86)
at Action.TimeReportAction.checkTrackEntryDetailsReportWithUsername(TimeReportAction.java:237)
at testCases.TimeReportTest.ValidationOfTrackEnrtyDetailsReportWithUserName(TimeReportTest.java:397)
at java.base/jdk.internal.reflect.NativeMethodAccessorImpl.invoke0(Native Method)
at java.base/jdk.internal.reflect.NativeMethodAccessorImpl.invoke(NativeMethodAccessorImpl.java:77)
at java.base/jdk.internal.reflect.DelegatingMethodAccessorImpl.invoke(DelegatingMethodAccessorImpl.java:43)
at java.base/java.lang.reflect.Method.invoke(Method.java:568)
at org.testng.internal.MethodInvocationHelper.invokeMethod(MethodInvocationHelper.java:133)
at org.testng.internal.TestInvoker.invokeMethod(TestInvoker.java:598)
at org.testng.internal.TestInvoker.invokeTestMethod(TestInvoker.java:173)
at org.testng.internal.MethodRunner.runInSequence(MethodRunner.java:46)
at org.testng.internal.TestInvoker$MethodInvocationAgent.invoke(TestInvoker.java:824)
at org.testng.internal.TestInvoker.invokeTestMethods(TestInvoker.java:146)
at org.testng.internal.TestMethodWorker.invokeTestMethods(TestMethodWorker.java:146)
at org.testng.internal.TestMethodWorker.run(TestMethodWorker.java:128)
at java.base/java.util.ArrayList.forEach(ArrayList.java:1511)
at org.testng.TestRunner.privateRun(TestRunner.java:794)
at org.testng.TestRunner.run(TestRunner.java:596)
at org.testng.SuiteRunner.runTest(SuiteRunner.java:377)
at org.testng.SuiteRunner.runSequentially(SuiteRunner.java:371)
at org.testng.SuiteRunner.privateRun(SuiteRunner.java:332)
at org.testng.SuiteRunner.run(SuiteRunner.java:276)
at org.testng.SuiteRunnerWorker.runSuite(SuiteRunnerWorker.java:53)
at org.testng.SuiteRunnerWorker.run(SuiteRunnerWorker.java:96)
at org.testng.TestNG.runSuitesSequentially(TestNG.java:1212)
at org.testng.TestNG.runSuitesLocally(TestNG.java:1134)
at org.testng.TestNG.runSuites(TestNG.java:1063)
at org.testng.TestNG.run(TestNG.java:1031)
at org.testng.remote.AbstractRemoteTestNG.run(AbstractRemoteTestNG.java:115)
at org.testng.remote.RemoteTestNG.initAndRun(RemoteTestNG.java:251)
at org.testng.remote.RemoteTestNG.main(RemoteTestNG.java:77)
]]>
    </failure>
  </testcase> <!-- ValidationOfTrackEnrtyDetailsReportWithUserName -->
  <system-out/>
  <testcase classname="testCases.TimeReportTest" name="ValidationOfTrackEnrtyDetailsReportWithProjectName" time="180.389"/>
  <system-out/>
  <testcase classname="testCases.TimeReportTest" name="ValidationOfTrackEnrtyDetailsReportWithDepartmentname" time="205.879"/>
  <system-out/>
  <testcase classname="testCases.TimeReportTest" name="ValidationOfTimeSheetReportWithUsername" time="244.552"/>
  <system-out/>
  <testcase classname="testCases.TimeReportTest" name="ValidationOfTimeSheetReportWithProjectname" time="209.774"/>
  <system-out/>
  <testcase classname="testCases.TimeReportTest" name="ValidationOfUserReportWithusername" time="187.061"/>
  <system-out/>
  <testcase classname="testCases.TimeReportTest" name="ValidationOfUserReportWithProjectname" time="249.945"/>
  <system-out/>
  <testcase classname="testCases.TimeReportTest" name="ValidationOfUserReportWithDepartmentname" time="211.563"/>
  <system-out/>
  <testcase classname="testCases.TimeReportTest" name="ValidationOfUserWiseReportWithUserName" time="151.852"/>
  <system-out/>
  <testcase classname="testCases.TimeReportTest" name="ValidationOfUserWiseReportWithProjectName" time="159.531"/>
  <system-out/>
  <testcase classname="testCases.TimeReportTest" name="ValidationOfUserWiseReportWithDepartmentName" time="169.775"/>
  <system-out/>
</testsuite> <!-- testCases.TimeReportTest -->
